<?xml version="1.0" encoding="UTF-8"?>
<!-- Generated by org.testng.reporters.JUnitReportReporter -->
<testsuite hostname="DESKTOP-JLP8D6E" failures="0" tests="1" name="com.ibm.testautomation.testrunner.TestRunner" time="14.769" errors="0" timestamp="2019-10-17T15:31:41 IST" skipped="0">
  <testcase classname="com.ibm.testautomation.testrunner.TestRunner" name="feature" time="14.769"/>
</testsuite> <!-- com.ibm.testautomation.testrunner.TestRunner -->
